<?xml version="1.0" encoding="UTF-8"?>
<!-- Generated by org.testng.reporters.JUnitReportReporter -->
<testsuite hostname="HARSHA" failures="0" tests="1" name="apiautomation.SumValidation" time="3.885" errors="0" timestamp="2020-12-29T15:44:29 IST" skipped="0">
  <testcase classname="apiautomation.SumValidation" name="sumOfCourses" time="3.885"/>
  <system-out/>
</testsuite> <!-- apiautomation.SumValidation -->
